{"uid":"14422db292aa3d94","name":"verifyGetExistingAuthorById","fullName":"tests.authors.GetAuthorsTests.verifyGetExistingAuthorById","historyId":"84f3f92e8ee6b042fcc9c058f5014e67","time":{"start":1769859056532,"stop":1769859056838,"duration":306},"description":"Verify get existing author by id.","descriptionHtml":"<p>Verify get existing author by id.</p>\n","status":"failed","statusMessage":"[Existing Author fields should match] \nexpected: Author(id=200, idBook=65, firstName=First Name 200, lastName=Last Name 200)\n but was: Author(id=200, idBook=68, firstName=First Name 200, lastName=Last Name 200)","statusTrace":"java.lang.AssertionError: [Existing Author fields should match] \nexpected: Author(id=200, idBook=65, firstName=First Name 200, lastName=Last Name 200)\n but was: Author(id=200, idBook=68, firstName=First Name 200, lastName=Last Name 200)\n\tat tests.authors.GetAuthorsTests.verifyGetExistingAuthorById(GetAuthorsTests.java:52)\n\tat java.base/jdk.internal.reflect.DirectMethodHandleAccessor.invoke(DirectMethodHandleAccessor.java:103)\n\tat java.base/java.lang.reflect.Method.invoke(Method.java:580)\n\tat org.testng.internal.invokers.MethodInvocationHelper.invokeMethod(MethodInvocationHelper.java:141)\n\tat org.testng.internal.invokers.TestInvoker.invokeMethod(TestInvoker.java:687)\n\tat org.testng.internal.invokers.TestInvoker.invokeTestMethod(TestInvoker.java:230)\n\tat org.testng.internal.invokers.MethodRunner.runInSequence(MethodRunner.java:63)\n\tat org.testng.internal.invokers.TestInvoker$MethodInvocationAgent.invoke(TestInvoker.java:995)\n\tat org.testng.internal.invokers.TestInvoker.invokeTestMethods(TestInvoker.java:203)\n\tat org.testng.internal.invokers.TestMethodWorker.invokeTestMethods(TestMethodWorker.java:154)\n\tat org.testng.internal.invokers.TestMethodWorker.run(TestMethodWorker.java:134)\n\tat java.base/java.util.concurrent.Executors$RunnableAdapter.call(Executors.java:572)\n\tat java.base/java.util.concurrent.FutureTask.run(FutureTask.java:317)\n\tat org.testng.internal.thread.graph.TestNGFutureTask.run(TestNGFutureTask.java:22)\n\tat java.base/java.util.concurrent.ThreadPoolExecutor.runWorker(ThreadPoolExecutor.java:1144)\n\tat java.base/java.util.concurrent.ThreadPoolExecutor$Worker.run(ThreadPoolExecutor.java:642)\n\tat java.base/java.lang.Thread.run(Thread.java:1583)\n","flaky":false,"newFailed":false,"newBroken":false,"newPassed":false,"retriesCount":0,"retriesStatusChange":false,"beforeStages":[],"testStage":{"description":"Verify get existing author by id.","status":"failed","statusMessage":"[Existing Author fields should match] \nexpected: Author(id=200, idBook=65, firstName=First Name 200, lastName=Last Name 200)\n but was: Author(id=200, idBook=68, firstName=First Name 200, lastName=Last Name 200)","statusTrace":"java.lang.AssertionError: [Existing Author fields should match] \nexpected: Author(id=200, idBook=65, firstName=First Name 200, lastName=Last Name 200)\n but was: Author(id=200, idBook=68, firstName=First Name 200, lastName=Last Name 200)\n\tat tests.authors.GetAuthorsTests.verifyGetExistingAuthorById(GetAuthorsTests.java:52)\n\tat java.base/jdk.internal.reflect.DirectMethodHandleAccessor.invoke(DirectMethodHandleAccessor.java:103)\n\tat java.base/java.lang.reflect.Method.invoke(Method.java:580)\n\tat org.testng.internal.invokers.MethodInvocationHelper.invokeMethod(MethodInvocationHelper.java:141)\n\tat org.testng.internal.invokers.TestInvoker.invokeMethod(TestInvoker.java:687)\n\tat org.testng.internal.invokers.TestInvoker.invokeTestMethod(TestInvoker.java:230)\n\tat org.testng.internal.invokers.MethodRunner.runInSequence(MethodRunner.java:63)\n\tat org.testng.internal.invokers.TestInvoker$MethodInvocationAgent.invoke(TestInvoker.java:995)\n\tat org.testng.internal.invokers.TestInvoker.invokeTestMethods(TestInvoker.java:203)\n\tat org.testng.internal.invokers.TestMethodWorker.invokeTestMethods(TestMethodWorker.java:154)\n\tat org.testng.internal.invokers.TestMethodWorker.run(TestMethodWorker.java:134)\n\tat java.base/java.util.concurrent.Executors$RunnableAdapter.call(Executors.java:572)\n\tat java.base/java.util.concurrent.FutureTask.run(FutureTask.java:317)\n\tat org.testng.internal.thread.graph.TestNGFutureTask.run(TestNGFutureTask.java:22)\n\tat java.base/java.util.concurrent.ThreadPoolExecutor.runWorker(ThreadPoolExecutor.java:1144)\n\tat java.base/java.util.concurrent.ThreadPoolExecutor$Worker.run(ThreadPoolExecutor.java:642)\n\tat java.base/java.lang.Thread.run(Thread.java:1583)\n","steps":[{"name":"Get author by ID: 200","time":{"start":1769859056532,"stop":1769859056837,"duration":305},"status":"passed","steps":[],"attachments":[{"uid":"b3395b69c2f9dfb","name":"Request","source":"b3395b69c2f9dfb.html","type":"text/html","size":410},{"uid":"45925102dce51e1a","name":"HTTP/1.1 200 OK","source":"45925102dce51e1a.html","type":"text/html","size":554}],"parameters":[{"name":"id","value":"200"}],"shouldDisplayMessage":false,"stepsCount":0,"attachmentsCount":2,"hasContent":true,"attachmentStep":false}],"attachments":[],"parameters":[],"shouldDisplayMessage":true,"stepsCount":1,"attachmentsCount":2,"hasContent":true,"attachmentStep":false},"afterStages":[],"labels":[{"name":"package","value":"tests.authors.GetAuthorsTests"},{"name":"testClass","value":"tests.authors.GetAuthorsTests"},{"name":"testMethod","value":"verifyGetExistingAuthorById"},{"name":"parentSuite","value":"Regression Suite"},{"name":"suite","value":"AuthorApiTests"},{"name":"subSuite","value":"tests.authors.GetAuthorsTests"},{"name":"host","value":"runnervmkj6or"},{"name":"thread","value":"2404@runnervmkj6or.TestNG-test-AuthorApiTests-1(30)"},{"name":"framework","value":"testng"},{"name":"language","value":"java"},{"name":"resultFormat","value":"allure2"}],"parameters":[],"links":[],"hidden":false,"retry":false,"extra":{"severity":"normal","retries":[],"categories":[{"name":"Product defects","matchedStatuses":[],"flaky":false}],"tags":[]},"source":"14422db292aa3d94.json","parameterValues":[]}