{"uid":"2c4dca61caa66116","name":"verifyGreatedAuthorExistsInAllAuthor","fullName":"tests.authors.GetAuthorsTests.verifyGreatedAuthorExistsInAllAuthor","historyId":"d1d9af88d327ab1efef6f39bc391c038","time":{"start":1769859057150,"stop":1769859058092,"duration":942},"description":"Verify author exists in authors list.","descriptionHtml":"<p>Verify author exists in authors list.</p>\n","status":"failed","statusMessage":"Author not found in list after creation","statusTrace":"java.lang.AssertionError: Author not found in list after creation\n\tat tests.authors.GetAuthorsTests.lambda$verifyGreatedAuthorExistsInAllAuthor$1(GetAuthorsTests.java:75)\n\tat java.base/java.util.Optional.orElseThrow(Optional.java:403)\n\tat tests.authors.GetAuthorsTests.verifyGreatedAuthorExistsInAllAuthor(GetAuthorsTests.java:75)\n\tat java.base/jdk.internal.reflect.DirectMethodHandleAccessor.invoke(DirectMethodHandleAccessor.java:103)\n\tat java.base/java.lang.reflect.Method.invoke(Method.java:580)\n\tat org.testng.internal.invokers.MethodInvocationHelper.invokeMethod(MethodInvocationHelper.java:141)\n\tat org.testng.internal.invokers.TestInvoker.invokeMethod(TestInvoker.java:687)\n\tat org.testng.internal.invokers.TestInvoker.invokeTestMethod(TestInvoker.java:230)\n\tat org.testng.internal.invokers.MethodRunner.runInSequence(MethodRunner.java:63)\n\tat org.testng.internal.invokers.TestInvoker$MethodInvocationAgent.invoke(TestInvoker.java:995)\n\tat org.testng.internal.invokers.TestInvoker.invokeTestMethods(TestInvoker.java:203)\n\tat org.testng.internal.invokers.TestMethodWorker.invokeTestMethods(TestMethodWorker.java:154)\n\tat org.testng.internal.invokers.TestMethodWorker.run(TestMethodWorker.java:134)\n\tat java.base/java.util.concurrent.Executors$RunnableAdapter.call(Executors.java:572)\n\tat java.base/java.util.concurrent.FutureTask.run(FutureTask.java:317)\n\tat org.testng.internal.thread.graph.TestNGFutureTask.run(TestNGFutureTask.java:22)\n\tat java.base/java.util.concurrent.ThreadPoolExecutor.runWorker(ThreadPoolExecutor.java:1144)\n\tat java.base/java.util.concurrent.ThreadPoolExecutor$Worker.run(ThreadPoolExecutor.java:642)\n\tat java.base/java.lang.Thread.run(Thread.java:1583)\n","flaky":false,"newFailed":false,"newBroken":false,"newPassed":false,"retriesCount":0,"retriesStatusChange":false,"beforeStages":[],"testStage":{"description":"Verify author exists in authors list.","status":"failed","statusMessage":"Author not found in list after creation","statusTrace":"java.lang.AssertionError: Author not found in list after creation\n\tat tests.authors.GetAuthorsTests.lambda$verifyGreatedAuthorExistsInAllAuthor$1(GetAuthorsTests.java:75)\n\tat java.base/java.util.Optional.orElseThrow(Optional.java:403)\n\tat tests.authors.GetAuthorsTests.verifyGreatedAuthorExistsInAllAuthor(GetAuthorsTests.java:75)\n\tat java.base/jdk.internal.reflect.DirectMethodHandleAccessor.invoke(DirectMethodHandleAccessor.java:103)\n\tat java.base/java.lang.reflect.Method.invoke(Method.java:580)\n\tat org.testng.internal.invokers.MethodInvocationHelper.invokeMethod(MethodInvocationHelper.java:141)\n\tat org.testng.internal.invokers.TestInvoker.invokeMethod(TestInvoker.java:687)\n\tat org.testng.internal.invokers.TestInvoker.invokeTestMethod(TestInvoker.java:230)\n\tat org.testng.internal.invokers.MethodRunner.runInSequence(MethodRunner.java:63)\n\tat org.testng.internal.invokers.TestInvoker$MethodInvocationAgent.invoke(TestInvoker.java:995)\n\tat org.testng.internal.invokers.TestInvoker.invokeTestMethods(TestInvoker.java:203)\n\tat org.testng.internal.invokers.TestMethodWorker.invokeTestMethods(TestMethodWorker.java:154)\n\tat org.testng.internal.invokers.TestMethodWorker.run(TestMethodWorker.java:134)\n\tat java.base/java.util.concurrent.Executors$RunnableAdapter.call(Executors.java:572)\n\tat java.base/java.util.concurrent.FutureTask.run(FutureTask.java:317)\n\tat org.testng.internal.thread.graph.TestNGFutureTask.run(TestNGFutureTask.java:22)\n\tat java.base/java.util.concurrent.ThreadPoolExecutor.runWorker(ThreadPoolExecutor.java:1144)\n\tat java.base/java.util.concurrent.ThreadPoolExecutor$Worker.run(ThreadPoolExecutor.java:642)\n\tat java.base/java.lang.Thread.run(Thread.java:1583)\n","steps":[{"name":"Create new author: Author(id=57903, idBook=57903, firstName=Agata, lastName=Crysty)","time":{"start":1769859057150,"stop":1769859057435,"duration":285},"status":"passed","steps":[],"attachments":[{"uid":"ed6e97edc5ec9947","name":"Request","source":"ed6e97edc5ec9947.html","type":"text/html","size":807},{"uid":"9b4f28d9d9d81a28","name":"HTTP/1.1 200 OK","source":"9b4f28d9d9d81a28.html","type":"text/html","size":543}],"parameters":[{"name":"author","value":"Author(id=57903, idBook=57903, firstName=Agata, lastName=Crysty)"}],"shouldDisplayMessage":false,"stepsCount":0,"attachmentsCount":2,"hasContent":true,"attachmentStep":false},{"name":"Get all authors","time":{"start":1769859057435,"stop":1769859058090,"duration":655},"status":"passed","steps":[],"attachments":[{"uid":"b97df80db66e2525","name":"Request","source":"b97df80db66e2525.html","type":"text/html","size":402},{"uid":"3e6b09cfadc91ae5","name":"HTTP/1.1 200 OK","source":"3e6b09cfadc91ae5.html","type":"text/html","size":116396}],"parameters":[],"shouldDisplayMessage":false,"stepsCount":0,"attachmentsCount":2,"hasContent":true,"attachmentStep":false}],"attachments":[],"parameters":[],"shouldDisplayMessage":true,"stepsCount":2,"attachmentsCount":4,"hasContent":true,"attachmentStep":false},"afterStages":[],"labels":[{"name":"package","value":"tests.authors.GetAuthorsTests"},{"name":"testClass","value":"tests.authors.GetAuthorsTests"},{"name":"testMethod","value":"verifyGreatedAuthorExistsInAllAuthor"},{"name":"parentSuite","value":"Regression Suite"},{"name":"suite","value":"AuthorApiTests"},{"name":"subSuite","value":"tests.authors.GetAuthorsTests"},{"name":"host","value":"runnervmkj6or"},{"name":"thread","value":"2404@runnervmkj6or.TestNG-test-AuthorApiTests-1(30)"},{"name":"framework","value":"testng"},{"name":"language","value":"java"},{"name":"resultFormat","value":"allure2"}],"parameters":[],"links":[],"hidden":false,"retry":false,"extra":{"severity":"normal","retries":[],"categories":[{"name":"Product defects","matchedStatuses":[],"flaky":false}],"tags":[]},"source":"2c4dca61caa66116.json","parameterValues":[]}