{"uid":"4be6fdf84b1ef7cd","name":"verifyExistingAuthorExistsInAllAuthor","fullName":"tests.authors.GetAuthorsTests.verifyExistingAuthorExistsInAllAuthor","historyId":"e363a12409435c62136d627ef512f905","time":{"start":1769858052162,"stop":1769858055406,"duration":3244},"description":"Verify existing author is presented in authors list.","descriptionHtml":"<p>Verify existing author is presented in authors list.</p>\n","status":"failed","statusMessage":"[The author fields inside the list should be match.] \nexpected: Author(id=200, idBook=65, firstName=First Name 200, lastName=Last Name 200)\n but was: Author(id=200, idBook=67, firstName=First Name 200, lastName=Last Name 200)","statusTrace":"java.lang.AssertionError: [The author fields inside the list should be match.] \nexpected: Author(id=200, idBook=65, firstName=First Name 200, lastName=Last Name 200)\n but was: Author(id=200, idBook=67, firstName=First Name 200, lastName=Last Name 200)\n\tat tests.authors.GetAuthorsTests.verifyExistingAuthorExistsInAllAuthor(GetAuthorsTests.java:99)\n\tat java.base/jdk.internal.reflect.DirectMethodHandleAccessor.invoke(DirectMethodHandleAccessor.java:103)\n\tat java.base/java.lang.reflect.Method.invoke(Method.java:580)\n\tat org.testng.internal.invokers.MethodInvocationHelper.invokeMethod(MethodInvocationHelper.java:141)\n\tat org.testng.internal.invokers.TestInvoker.invokeMethod(TestInvoker.java:687)\n\tat org.testng.internal.invokers.TestInvoker.invokeTestMethod(TestInvoker.java:230)\n\tat org.testng.internal.invokers.MethodRunner.runInSequence(MethodRunner.java:63)\n\tat org.testng.internal.invokers.TestInvoker$MethodInvocationAgent.invoke(TestInvoker.java:995)\n\tat org.testng.internal.invokers.TestInvoker.invokeTestMethods(TestInvoker.java:203)\n\tat org.testng.internal.invokers.TestMethodWorker.invokeTestMethods(TestMethodWorker.java:154)\n\tat org.testng.internal.invokers.TestMethodWorker.run(TestMethodWorker.java:134)\n\tat java.base/java.util.concurrent.Executors$RunnableAdapter.call(Executors.java:572)\n\tat java.base/java.util.concurrent.FutureTask.run(FutureTask.java:317)\n\tat org.testng.internal.thread.graph.TestNGFutureTask.run(TestNGFutureTask.java:22)\n\tat java.base/java.util.concurrent.ThreadPoolExecutor.runWorker(ThreadPoolExecutor.java:1144)\n\tat java.base/java.util.concurrent.ThreadPoolExecutor$Worker.run(ThreadPoolExecutor.java:642)\n\tat java.base/java.lang.Thread.run(Thread.java:1583)\n","flaky":false,"newFailed":false,"newBroken":false,"newPassed":false,"retriesCount":0,"retriesStatusChange":false,"beforeStages":[],"testStage":{"description":"Verify existing author is presented in authors list.","status":"failed","statusMessage":"[The author fields inside the list should be match.] \nexpected: Author(id=200, idBook=65, firstName=First Name 200, lastName=Last Name 200)\n but was: Author(id=200, idBook=67, firstName=First Name 200, lastName=Last Name 200)","statusTrace":"java.lang.AssertionError: [The author fields inside the list should be match.] \nexpected: Author(id=200, idBook=65, firstName=First Name 200, lastName=Last Name 200)\n but was: Author(id=200, idBook=67, firstName=First Name 200, lastName=Last Name 200)\n\tat tests.authors.GetAuthorsTests.verifyExistingAuthorExistsInAllAuthor(GetAuthorsTests.java:99)\n\tat java.base/jdk.internal.reflect.DirectMethodHandleAccessor.invoke(DirectMethodHandleAccessor.java:103)\n\tat java.base/java.lang.reflect.Method.invoke(Method.java:580)\n\tat org.testng.internal.invokers.MethodInvocationHelper.invokeMethod(MethodInvocationHelper.java:141)\n\tat org.testng.internal.invokers.TestInvoker.invokeMethod(TestInvoker.java:687)\n\tat org.testng.internal.invokers.TestInvoker.invokeTestMethod(TestInvoker.java:230)\n\tat org.testng.internal.invokers.MethodRunner.runInSequence(MethodRunner.java:63)\n\tat org.testng.internal.invokers.TestInvoker$MethodInvocationAgent.invoke(TestInvoker.java:995)\n\tat org.testng.internal.invokers.TestInvoker.invokeTestMethods(TestInvoker.java:203)\n\tat org.testng.internal.invokers.TestMethodWorker.invokeTestMethods(TestMethodWorker.java:154)\n\tat org.testng.internal.invokers.TestMethodWorker.run(TestMethodWorker.java:134)\n\tat java.base/java.util.concurrent.Executors$RunnableAdapter.call(Executors.java:572)\n\tat java.base/java.util.concurrent.FutureTask.run(FutureTask.java:317)\n\tat org.testng.internal.thread.graph.TestNGFutureTask.run(TestNGFutureTask.java:22)\n\tat java.base/java.util.concurrent.ThreadPoolExecutor.runWorker(ThreadPoolExecutor.java:1144)\n\tat java.base/java.util.concurrent.ThreadPoolExecutor$Worker.run(ThreadPoolExecutor.java:642)\n\tat java.base/java.lang.Thread.run(Thread.java:1583)\n","steps":[{"name":"Get all authors","time":{"start":1769858052178,"stop":1769858055283,"duration":3105},"status":"passed","steps":[],"attachments":[{"uid":"18dea5c5a382d345","name":"Request","source":"18dea5c5a382d345.html","type":"text/html","size":402},{"uid":"4cb8d6b362e6d90a","name":"HTTP/1.1 200 OK","source":"4cb8d6b362e6d90a.html","type":"text/html","size":114320}],"parameters":[],"shouldDisplayMessage":false,"stepsCount":0,"attachmentsCount":2,"hasContent":true,"attachmentStep":false}],"attachments":[],"parameters":[],"shouldDisplayMessage":true,"stepsCount":1,"attachmentsCount":2,"hasContent":true,"attachmentStep":false},"afterStages":[],"labels":[{"name":"package","value":"tests.authors.GetAuthorsTests"},{"name":"testClass","value":"tests.authors.GetAuthorsTests"},{"name":"testMethod","value":"verifyExistingAuthorExistsInAllAuthor"},{"name":"parentSuite","value":"Regression Suite"},{"name":"suite","value":"AuthorApiTests"},{"name":"subSuite","value":"tests.authors.GetAuthorsTests"},{"name":"host","value":"runnervmkj6or"},{"name":"thread","value":"2383@runnervmkj6or.TestNG-test-AuthorApiTests-1(30)"},{"name":"framework","value":"testng"},{"name":"language","value":"java"},{"name":"resultFormat","value":"allure2"}],"parameters":[],"links":[],"hidden":false,"retry":false,"extra":{"severity":"normal","retries":[],"categories":[{"name":"Product defects","matchedStatuses":[],"flaky":false}],"tags":[]},"source":"4be6fdf84b1ef7cd.json","parameterValues":[]}