{"uid":"d1a2a2ec4351ff28","name":"verifyGreatedAuthorExistsInAllAuthor","fullName":"tests.authors.GetAuthorsTests.verifyGreatedAuthorExistsInAllAuthor","historyId":"d1d9af88d327ab1efef6f39bc391c038","time":{"start":1769858057232,"stop":1769858058346,"duration":1114},"description":"Verify author exists in authors list.","descriptionHtml":"<p>Verify author exists in authors list.</p>\n","status":"failed","statusMessage":"Author not found in list after creation","statusTrace":"java.lang.AssertionError: Author not found in list after creation\n\tat tests.authors.GetAuthorsTests.lambda$verifyGreatedAuthorExistsInAllAuthor$1(GetAuthorsTests.java:75)\n\tat java.base/java.util.Optional.orElseThrow(Optional.java:403)\n\tat tests.authors.GetAuthorsTests.verifyGreatedAuthorExistsInAllAuthor(GetAuthorsTests.java:75)\n\tat java.base/jdk.internal.reflect.DirectMethodHandleAccessor.invoke(DirectMethodHandleAccessor.java:103)\n\tat java.base/java.lang.reflect.Method.invoke(Method.java:580)\n\tat org.testng.internal.invokers.MethodInvocationHelper.invokeMethod(MethodInvocationHelper.java:141)\n\tat org.testng.internal.invokers.TestInvoker.invokeMethod(TestInvoker.java:687)\n\tat org.testng.internal.invokers.TestInvoker.invokeTestMethod(TestInvoker.java:230)\n\tat org.testng.internal.invokers.MethodRunner.runInSequence(MethodRunner.java:63)\n\tat org.testng.internal.invokers.TestInvoker$MethodInvocationAgent.invoke(TestInvoker.java:995)\n\tat org.testng.internal.invokers.TestInvoker.invokeTestMethods(TestInvoker.java:203)\n\tat org.testng.internal.invokers.TestMethodWorker.invokeTestMethods(TestMethodWorker.java:154)\n\tat org.testng.internal.invokers.TestMethodWorker.run(TestMethodWorker.java:134)\n\tat java.base/java.util.concurrent.Executors$RunnableAdapter.call(Executors.java:572)\n\tat java.base/java.util.concurrent.FutureTask.run(FutureTask.java:317)\n\tat org.testng.internal.thread.graph.TestNGFutureTask.run(TestNGFutureTask.java:22)\n\tat java.base/java.util.concurrent.ThreadPoolExecutor.runWorker(ThreadPoolExecutor.java:1144)\n\tat java.base/java.util.concurrent.ThreadPoolExecutor$Worker.run(ThreadPoolExecutor.java:642)\n\tat java.base/java.lang.Thread.run(Thread.java:1583)\n","flaky":false,"newFailed":false,"newBroken":false,"newPassed":false,"retriesCount":0,"retriesStatusChange":false,"beforeStages":[],"testStage":{"description":"Verify author exists in authors list.","status":"failed","statusMessage":"Author not found in list after creation","statusTrace":"java.lang.AssertionError: Author not found in list after creation\n\tat tests.authors.GetAuthorsTests.lambda$verifyGreatedAuthorExistsInAllAuthor$1(GetAuthorsTests.java:75)\n\tat java.base/java.util.Optional.orElseThrow(Optional.java:403)\n\tat tests.authors.GetAuthorsTests.verifyGreatedAuthorExistsInAllAuthor(GetAuthorsTests.java:75)\n\tat java.base/jdk.internal.reflect.DirectMethodHandleAccessor.invoke(DirectMethodHandleAccessor.java:103)\n\tat java.base/java.lang.reflect.Method.invoke(Method.java:580)\n\tat org.testng.internal.invokers.MethodInvocationHelper.invokeMethod(MethodInvocationHelper.java:141)\n\tat org.testng.internal.invokers.TestInvoker.invokeMethod(TestInvoker.java:687)\n\tat org.testng.internal.invokers.TestInvoker.invokeTestMethod(TestInvoker.java:230)\n\tat org.testng.internal.invokers.MethodRunner.runInSequence(MethodRunner.java:63)\n\tat org.testng.internal.invokers.TestInvoker$MethodInvocationAgent.invoke(TestInvoker.java:995)\n\tat org.testng.internal.invokers.TestInvoker.invokeTestMethods(TestInvoker.java:203)\n\tat org.testng.internal.invokers.TestMethodWorker.invokeTestMethods(TestMethodWorker.java:154)\n\tat org.testng.internal.invokers.TestMethodWorker.run(TestMethodWorker.java:134)\n\tat java.base/java.util.concurrent.Executors$RunnableAdapter.call(Executors.java:572)\n\tat java.base/java.util.concurrent.FutureTask.run(FutureTask.java:317)\n\tat org.testng.internal.thread.graph.TestNGFutureTask.run(TestNGFutureTask.java:22)\n\tat java.base/java.util.concurrent.ThreadPoolExecutor.runWorker(ThreadPoolExecutor.java:1144)\n\tat java.base/java.util.concurrent.ThreadPoolExecutor$Worker.run(ThreadPoolExecutor.java:642)\n\tat java.base/java.lang.Thread.run(Thread.java:1583)\n","steps":[{"name":"Create new author: Author(id=57677, idBook=57677, firstName=Agata, lastName=Crysty)","time":{"start":1769858057232,"stop":1769858057576,"duration":344},"status":"passed","steps":[],"attachments":[{"uid":"cd431a328948af63","name":"Request","source":"cd431a328948af63.html","type":"text/html","size":807},{"uid":"195892df1de66a81","name":"HTTP/1.1 200 OK","source":"195892df1de66a81.html","type":"text/html","size":543}],"parameters":[{"name":"author","value":"Author(id=57677, idBook=57677, firstName=Agata, lastName=Crysty)"}],"shouldDisplayMessage":false,"stepsCount":0,"attachmentsCount":2,"hasContent":true,"attachmentStep":false},{"name":"Get all authors","time":{"start":1769858057576,"stop":1769858058344,"duration":768},"status":"passed","steps":[],"attachments":[{"uid":"eaa55c8ad35f3e45","name":"Request","source":"eaa55c8ad35f3e45.html","type":"text/html","size":402},{"uid":"b025f8679973fe5d","name":"HTTP/1.1 200 OK","source":"b025f8679973fe5d.html","type":"text/html","size":116022}],"parameters":[],"shouldDisplayMessage":false,"stepsCount":0,"attachmentsCount":2,"hasContent":true,"attachmentStep":false}],"attachments":[],"parameters":[],"shouldDisplayMessage":true,"stepsCount":2,"attachmentsCount":4,"hasContent":true,"attachmentStep":false},"afterStages":[],"labels":[{"name":"package","value":"tests.authors.GetAuthorsTests"},{"name":"testClass","value":"tests.authors.GetAuthorsTests"},{"name":"testMethod","value":"verifyGreatedAuthorExistsInAllAuthor"},{"name":"parentSuite","value":"Regression Suite"},{"name":"suite","value":"AuthorApiTests"},{"name":"subSuite","value":"tests.authors.GetAuthorsTests"},{"name":"host","value":"runnervmkj6or"},{"name":"thread","value":"2383@runnervmkj6or.TestNG-test-AuthorApiTests-1(30)"},{"name":"framework","value":"testng"},{"name":"language","value":"java"},{"name":"resultFormat","value":"allure2"}],"parameters":[],"links":[],"hidden":false,"retry":false,"extra":{"severity":"normal","retries":[],"categories":[{"name":"Product defects","matchedStatuses":[],"flaky":false}],"tags":[]},"source":"d1a2a2ec4351ff28.json","parameterValues":[]}